<?xml version="1.0" encoding="UTF-8"?>
<testng-results ignored="0" total="1" passed="1" failed="0" skipped="0">
  <reporter-output>
  </reporter-output>
  <suite started-at="2022-11-24T15:01:00Z" name="Default suite" finished-at="2022-11-24T15:02:09Z" duration-ms="69174">
    <groups>
    </groups>
    <test started-at="2022-11-24T15:01:00Z" name="Default test" finished-at="2022-11-24T15:02:09Z" duration-ms="69174">
      <class name="com.mov.qa.testcases.LoginPageTest">
        <test-method is-config="true" signature="setUp()[pri:0, instance:com.mov.qa.testcases.LoginPageTest@479ceda0]" started-at="2022-11-24T20:31:00Z" name="setUp" finished-at="2022-11-24T20:31:04Z" duration-ms="3508" status="PASS">
          <reporter-output>
          </reporter-output>
        </test-method> <!-- setUp -->
        <test-method signature="loginPageTitleTest()[pri:1, instance:com.mov.qa.testcases.LoginPageTest@479ceda0]" started-at="2022-11-24T20:31:04Z" name="loginPageTitleTest" finished-at="2022-11-24T20:32:09Z" duration-ms="65242" status="PASS">
          <reporter-output>
          </reporter-output>
        </test-method> <!-- loginPageTitleTest -->
        <test-method is-config="true" signature="tearDown()[pri:0, instance:com.mov.qa.testcases.LoginPageTest@479ceda0]" started-at="2022-11-24T20:32:09Z" name="tearDown" finished-at="2022-11-24T20:32:09Z" duration-ms="407" status="PASS">
          <reporter-output>
          </reporter-output>
        </test-method> <!-- tearDown -->
      </class> <!-- com.mov.qa.testcases.LoginPageTest -->
    </test> <!-- Default test -->
  </suite> <!-- Default suite -->
</testng-results>
